c:\pg\nakadafumiya\debug\vc142.pdb
c:\pg\nakadafumiya\debug\vc142.idb
c:\pg\nakadafumiya\debug\spherecollider.obj
c:\pg\nakadafumiya\debug\sceanmanager.obj
c:\pg\nakadafumiya\debug\player.obj
c:\pg\nakadafumiya\debug\keymanager.obj
c:\pg\nakadafumiya\debug\itembase.obj
c:\pg\nakadafumiya\debug\hppotion.obj
c:\pg\nakadafumiya\debug\gamemainscean.obj
c:\pg\nakadafumiya\debug\enemy.obj
c:\pg\nakadafumiya\debug\charabase.obj
c:\pg\nakadafumiya\debug\bulletsbase.obj
c:\pg\nakadafumiya\debug\gamemain.obj
c:\pg\nakadafumiya\debug\straightbullet.obj
c:\pg\nakadafumiya\debug\horizonbullets.obj
c:\pg\nakadafumiya\debug\nakadafumiya.exe
c:\pg\nakadafumiya\debug\nakadafumiya.ilk
c:\pg\nakadafumiya\debug\nakadafumiya.pdb
c:\pg\nakadafumiya\debug\gamemainscean.obj.enc
c:\pg\nakadafumiya\debug\nakadafumiya.tlog\cl.command.1.tlog
c:\pg\nakadafumiya\debug\nakadafumiya.tlog\cl.read.1.tlog
c:\pg\nakadafumiya\debug\nakadafumiya.tlog\cl.write.1.tlog
c:\pg\nakadafumiya\debug\nakadafumiya.tlog\link.command.1.tlog
c:\pg\nakadafumiya\debug\nakadafumiya.tlog\link.read.1.tlog
c:\pg\nakadafumiya\debug\nakadafumiya.tlog\link.write.1.tlog
